11-11 16:35:08 com_github_MitjaNemec_ReplicateLayout.action_replicate_layout 392:Plugin executed on: 'linux'
11-11 16:35:08 com_github_MitjaNemec_ReplicateLayout.action_replicate_layout 393:Plugin executed with python version: '3.11.5 (main, Nov 10 2011, 15:00:00) [GCC 13.2.0]'
11-11 16:35:08 com_github_MitjaNemec_ReplicateLayout.action_replicate_layout 394:KiCad build version: 7.0.8
11-11 16:35:08 com_github_MitjaNemec_ReplicateLayout.action_replicate_layout 395:Plugin version: 2.1.3
11-11 16:35:08 com_github_MitjaNemec_ReplicateLayout.action_replicate_layout 396:Frame repr: <wx._core.Frame object at 0x7faf86d89900>
11-11 16:35:08 com_github_MitjaNemec_ReplicateLayout.action_replicate_layout 420:Preparing replicator with J1404 as a reference
11-11 16:35:08 com_github_MitjaNemec_ReplicateLayout.replicate_layout 117:getting a list of all footprints on board
11-11 16:35:08 com_github_MitjaNemec_ReplicateLayout.action_replicate_layout 468:source anchor footprint is 'J1404'
Located on: ['module-master1']
With filenames: ['moduleMaster.kicad_sch']
With sheet_id:['module-master1']
11-11 16:35:08 com_github_MitjaNemec_ReplicateLayout.action_replicate_layout 475:Corresponding footprints are 
[('J1704', ['module-master1']), ('J1604', ['module-master1']), ('J1504', ['module-master1']), ('J1404', ['module-master1']), ('J1304', ['module-master1']), ('J1204', ['module-master1']), ('J1104', ['module-master1']), ('J1004', ['module-master1']), ('J904', ['module-master1']), ('J804', ['module-master1']), ('J704', ['module-master1']), ('J604', ['module-master1']), ('J504', ['module-master1']), ('J404', ['module-master1']), ('J304', ['module-master1']), ('J2004', ['module-master'])]
11-11 16:35:08 com_github_MitjaNemec_ReplicateLayout.action_replicate_layout 487:Showing dialog
11-11 16:35:08 com_github_MitjaNemec_ReplicateLayout.replicate_layout 424:constructing a list of sheets suitable for replication on level:'module-master1', file:'moduleMaster.kicad_sch'
11-11 16:35:08 com_github_MitjaNemec_ReplicateLayout.replicate_layout 461:suitable sheets are:[['module-master']]
11-11 16:35:09 com_github_MitjaNemec_ReplicateLayout.replicate_layout 1464:Level selected: ['module-master1']
11-11 16:35:09 com_github_MitjaNemec_ReplicateLayout.replicate_layout 1299:Filtering list of tracks
11-11 16:35:09 com_github_MitjaNemec_ReplicateLayout.action_replicate_layout 493:Toolbar position: wx.Point(2820, 2266)
11-11 16:35:09 com_github_MitjaNemec_ReplicateLayout.action_replicate_layout 498:Dialog position: wx.Point(2381, 2266)
11-11 16:35:12 com_github_MitjaNemec_ReplicateLayout.replicate_layout 424:constructing a list of sheets suitable for replication on level:'module-master1', file:'moduleMaster.kicad_sch'
11-11 16:35:12 com_github_MitjaNemec_ReplicateLayout.replicate_layout 461:suitable sheets are:[['module-master']]
11-11 16:35:12 com_github_MitjaNemec_ReplicateLayout.action_replicate_layout 240:Replicating layout
11-11 16:35:12 com_github_MitjaNemec_ReplicateLayout.replicate_layout 240:Starting replication of sheets: [['module-master']]
on level: ['module-master1']
with tracks=True, zone=True, text=True, text=True, intersecting=False, remove=False, locked footprints=False, group_only=False
11-11 16:35:12 root 332:updating GUI message: 'Preparing for replication'
11-11 16:35:12 com_github_MitjaNemec_ReplicateLayout.replicate_layout 310:Getting the list of source footprints
11-11 16:35:12 root 337:updating GUI with: 0
11-11 16:35:12 com_github_MitjaNemec_ReplicateLayout.replicate_layout 320:Getting the list of all the remaining footprints
11-11 16:35:12 com_github_MitjaNemec_ReplicateLayout.replicate_layout 327:Getting source tracks
11-11 16:35:12 com_github_MitjaNemec_ReplicateLayout.replicate_layout 1299:Filtering list of tracks
11-11 16:35:12 com_github_MitjaNemec_ReplicateLayout.replicate_layout 331:Getting source zones
11-11 16:35:12 root 337:updating GUI with: 50
11-11 16:35:12 com_github_MitjaNemec_ReplicateLayout.replicate_layout 335:Getting source text items
11-11 16:35:12 root 337:updating GUI with: 66
11-11 16:35:12 com_github_MitjaNemec_ReplicateLayout.replicate_layout 339:Getting source drawing items
11-11 16:35:12 root 337:updating GUI with: 83
11-11 16:35:12 root 332:updating GUI message: 'Replicating footprints'
11-11 16:35:12 com_github_MitjaNemec_ReplicateLayout.replicate_layout 806:Replicating footprints
11-11 16:35:12 com_github_MitjaNemec_ReplicateLayout.replicate_layout 813:Replicating footprints on sheet ['module-master']
11-11 16:35:12 root 337:updating GUI with: 5
11-11 16:35:12 root 337:updating GUI with: 6
11-11 16:35:12 root 337:updating GUI with: 18
11-11 16:35:12 root 337:updating GUI with: 18
11-11 16:35:12 root 337:updating GUI with: 42
11-11 16:35:12 root 337:updating GUI with: 42
11-11 16:35:12 root 337:updating GUI with: 53
11-11 16:35:12 root 337:updating GUI with: 53
11-11 16:35:12 root 337:updating GUI with: 83
11-11 16:35:12 root 337:updating GUI with: 83
11-11 16:35:12 root 332:updating GUI message: 'Replicating tracks'
11-11 16:35:12 com_github_MitjaNemec_ReplicateLayout.replicate_layout 977:Replicating tracks
11-11 16:35:12 com_github_MitjaNemec_ReplicateLayout.replicate_layout 983:Replicating tracks on sheet ['module-master']
11-11 16:35:12 com_github_MitjaNemec_ReplicateLayout.replicate_layout 766:Net pairs for sheet ['module-master'] :[('unconnected-(U1501-LOAD-2-Pad2)', 'unconnected-(U2001-LOAD-2-Pad2)'), ('unconnected-(U601-LOAD-1-Pad1)', 'unconnected-(U2001-LOAD-1-Pad1)'), ('unconnected-(U1301-LOAD-1-Pad1)', 'unconnected-(U2001-LOAD-1-Pad1)'), ('GATE_0', 'GATE_0'), ('unconnected-(U1401-LOAD-2-Pad2)', 'unconnected-(U2001-LOAD-2-Pad2)'), ('/module-master1/E_to_R_0', '/module-master/E_to_R_0'), ('Net-(J403-Pin_2)', 'Net-(J2003-Pin_2)'), ('Net-(J1703-Pin_1)', 'Net-(J2003-Pin_1)'), ('Net-(J1303-Pin_2)', 'Net-(J2003-Pin_2)'), ('_RELAYS_0', '_RELAYS_0'), ('unconnected-(U901-LOAD-1-Pad1)', 'unconnected-(U2001-LOAD-1-Pad1)'), ('Net-(J903-Pin_1)', 'Net-(J2003-Pin_1)'), ('/module-master1/SHUNT_1_0', '/module-master/SHUNT_1_0'), ('_5VA_0', '_5VA_0'), ('Net-(J1403-Pin_1)', 'Net-(J2003-Pin_1)'), ('unconnected-(U1601-LOAD-2-Pad2)', 'unconnected-(U2001-LOAD-2-Pad2)'), ('RELAYS_0', 'RELAYS_0'), ('unconnected-(U1701-LOAD-2-Pad2)', 'unconnected-(U2001-LOAD-2-Pad2)'), ('', ''), ('/module-master1/A_to_ALQ305_0', '/module-master/A_to_ALQ305_0'), ('Net-(J603-Pin_2)', 'Net-(J2003-Pin_2)'), ('Net-(J1503-Pin_2)', 'Net-(J2003-Pin_2)'), ('Net-(J1003-Pin_2)', 'Net-(J2003-Pin_2)'), ('Net-(J1103-Pin_1)', 'Net-(J2003-Pin_1)'), ('unconnected-(U401-LOAD-1-Pad1)', 'unconnected-(U2001-LOAD-1-Pad1)'), ('unconnected-(U701-LOAD-1-Pad1)', 'unconnected-(U2001-LOAD-1-Pad1)'), ('unconnected-(U501-LOAD-1-Pad1)', 'unconnected-(U2001-LOAD-1-Pad1)'), ('Net-(J303-Pin_2)', 'Net-(J2003-Pin_2)'), ('unconnected-(U401-LOAD-2-Pad2)', 'unconnected-(U2001-LOAD-2-Pad2)'), ('unconnected-(U1001-LOAD-1-Pad1)', 'unconnected-(U2001-LOAD-1-Pad1)'), ('_GATE_0', '_GATE_0'), ('unconnected-(U1601-LOAD-1-Pad1)', 'unconnected-(U2001-LOAD-1-Pad1)'), ('CV_0', 'CV_0'), ('/module-master1/R_to_KLED_0', '/module-master/R_to_KLED_0'), ('/module-master1/R_to_C_0', '/module-master/R_to_C_0'), ('Net-(J1303-Pin_1)', 'Net-(J2003-Pin_1)'), ('NEUT', 'NEUT'), ('Net-(J803-Pin_1)', 'Net-(J2003-Pin_1)'), ('Net-(J1403-Pin_2)', 'Net-(J2003-Pin_2)'), ('unconnected-(U1701-LOAD-1-Pad1)', 'unconnected-(U2001-LOAD-1-Pad1)'), ('Net-(J1003-Pin_1)', 'Net-(J2003-Pin_1)'), ('unconnected-(U601-LOAD-2-Pad2)', 'unconnected-(U2001-LOAD-2-Pad2)'), ('Net-(J1103-Pin_2)', 'Net-(J2003-Pin_2)'), ('unconnected-(U1201-LOAD-1-Pad1)', 'unconnected-(U2001-LOAD-1-Pad1)'), ('_CV_0', '_CV_0'), ('CV_OUTPUT_0', 'CV_OUTPUT_0'), ('unconnected-(U801-LOAD-1-Pad1)', 'unconnected-(U2001-LOAD-1-Pad1)'), ('Net-(J1603-Pin_2)', 'Net-(J2003-Pin_2)'), ('Net-(J503-Pin_1)', 'Net-(J2003-Pin_1)'), ('GND', 'GND'), ('Net-(J603-Pin_1)', 'Net-(J2003-Pin_1)'), ('Net-(J903-Pin_2)', 'Net-(J2003-Pin_2)'), ('unconnected-(U801-LOAD-2-Pad2)', 'unconnected-(U2001-LOAD-2-Pad2)'), ('unconnected-(U1201-LOAD-2-Pad2)', 'unconnected-(U2001-LOAD-2-Pad2)'), ('Net-(J1503-Pin_1)', 'Net-(J2003-Pin_1)'), ('unconnected-(U1001-LOAD-2-Pad2)', 'unconnected-(U2001-LOAD-2-Pad2)'), ('Net-(J703-Pin_2)', 'Net-(J2003-Pin_2)'), ('/module-master1/R_to_B_0', '/module-master/R_to_B_0'), ('unconnected-(U301-LOAD-1-Pad1)', 'unconnected-(U2001-LOAD-1-Pad1)'), ('GATE_OUTPUT_0', 'GATE_OUTPUT_0'), ('unconnected-(U1501-LOAD-1-Pad1)', 'unconnected-(U2001-LOAD-1-Pad1)'), ('unconnected-(U501-LOAD-2-Pad2)', 'unconnected-(U2001-LOAD-2-Pad2)'), ('unconnected-(U1101-LOAD-2-Pad2)', 'unconnected-(U2001-LOAD-2-Pad2)'), ('Net-(J303-Pin_1)', 'Net-(J2003-Pin_1)'), ('Net-(J1203-Pin_1)', 'Net-(J2003-Pin_1)'), ('Net-(J503-Pin_2)', 'Net-(J2003-Pin_2)'), ('/module-master1/SW_to_AQ-A_IN_0', '/module-master/SW_to_AQ-A_IN_0'), ('_GND_0', '_GND_0'), ('Net-(J803-Pin_2)', 'Net-(J2003-Pin_2)'), ('Net-(J1203-Pin_2)', 'Net-(J2003-Pin_2)'), ('unconnected-(U901-LOAD-2-Pad2)', 'unconnected-(U2001-LOAD-2-Pad2)'), ('/module-master1/SHUNT_2_0', '/module-master/SHUNT_2_0'), ('unconnected-(U1301-LOAD-2-Pad2)', 'unconnected-(U2001-LOAD-2-Pad2)'), ('_CV_OUTPUT_0', '_CV_OUTPUT_0'), ('Net-(J1703-Pin_2)', 'Net-(J2003-Pin_2)'), ('unconnected-(U1401-LOAD-1-Pad1)', 'unconnected-(U2001-LOAD-1-Pad1)'), ('LINE', 'LINE'), ('_GATE_OUTPUT_0', '_GATE_OUTPUT_0'), ('unconnected-(U701-LOAD-2-Pad2)', 'unconnected-(U2001-LOAD-2-Pad2)'), ('Net-(J403-Pin_1)', 'Net-(J2003-Pin_1)'), ('SECONDARY_5VA', 'SECONDARY_5VA'), ('Net-(J703-Pin_1)', 'Net-(J2003-Pin_1)'), ('unconnected-(U1101-LOAD-1-Pad1)', 'unconnected-(U2001-LOAD-1-Pad1)'), ('Net-(J1603-Pin_1)', 'Net-(J2003-Pin_1)'), ('unconnected-(U301-LOAD-2-Pad2)', 'unconnected-(U2001-LOAD-2-Pad2)')]
11-11 16:35:12 root 337:updating GUI with: 0
11-11 16:35:12 root 332:updating GUI message: 'Replicating zones'
11-11 16:35:12 com_github_MitjaNemec_ReplicateLayout.replicate_layout 1047:Replicating zones
11-11 16:35:12 com_github_MitjaNemec_ReplicateLayout.replicate_layout 1054:Replicating zones on sheet ['module-master']
11-11 16:35:12 com_github_MitjaNemec_ReplicateLayout.replicate_layout 766:Net pairs for sheet ['module-master'] :[('unconnected-(U1501-LOAD-2-Pad2)', 'unconnected-(U2001-LOAD-2-Pad2)'), ('unconnected-(U601-LOAD-1-Pad1)', 'unconnected-(U2001-LOAD-1-Pad1)'), ('unconnected-(U1301-LOAD-1-Pad1)', 'unconnected-(U2001-LOAD-1-Pad1)'), ('GATE_0', 'GATE_0'), ('unconnected-(U1401-LOAD-2-Pad2)', 'unconnected-(U2001-LOAD-2-Pad2)'), ('/module-master1/E_to_R_0', '/module-master/E_to_R_0'), ('Net-(J403-Pin_2)', 'Net-(J2003-Pin_2)'), ('Net-(J1703-Pin_1)', 'Net-(J2003-Pin_1)'), ('Net-(J1303-Pin_2)', 'Net-(J2003-Pin_2)'), ('_RELAYS_0', '_RELAYS_0'), ('unconnected-(U901-LOAD-1-Pad1)', 'unconnected-(U2001-LOAD-1-Pad1)'), ('Net-(J903-Pin_1)', 'Net-(J2003-Pin_1)'), ('/module-master1/SHUNT_1_0', '/module-master/SHUNT_1_0'), ('_5VA_0', '_5VA_0'), ('Net-(J1403-Pin_1)', 'Net-(J2003-Pin_1)'), ('unconnected-(U1601-LOAD-2-Pad2)', 'unconnected-(U2001-LOAD-2-Pad2)'), ('RELAYS_0', 'RELAYS_0'), ('unconnected-(U1701-LOAD-2-Pad2)', 'unconnected-(U2001-LOAD-2-Pad2)'), ('', ''), ('/module-master1/A_to_ALQ305_0', '/module-master/A_to_ALQ305_0'), ('Net-(J603-Pin_2)', 'Net-(J2003-Pin_2)'), ('Net-(J1503-Pin_2)', 'Net-(J2003-Pin_2)'), ('Net-(J1003-Pin_2)', 'Net-(J2003-Pin_2)'), ('Net-(J1103-Pin_1)', 'Net-(J2003-Pin_1)'), ('unconnected-(U401-LOAD-1-Pad1)', 'unconnected-(U2001-LOAD-1-Pad1)'), ('unconnected-(U701-LOAD-1-Pad1)', 'unconnected-(U2001-LOAD-1-Pad1)'), ('unconnected-(U501-LOAD-1-Pad1)', 'unconnected-(U2001-LOAD-1-Pad1)'), ('Net-(J303-Pin_2)', 'Net-(J2003-Pin_2)'), ('unconnected-(U401-LOAD-2-Pad2)', 'unconnected-(U2001-LOAD-2-Pad2)'), ('unconnected-(U1001-LOAD-1-Pad1)', 'unconnected-(U2001-LOAD-1-Pad1)'), ('_GATE_0', '_GATE_0'), ('unconnected-(U1601-LOAD-1-Pad1)', 'unconnected-(U2001-LOAD-1-Pad1)'), ('CV_0', 'CV_0'), ('/module-master1/R_to_KLED_0', '/module-master/R_to_KLED_0'), ('/module-master1/R_to_C_0', '/module-master/R_to_C_0'), ('Net-(J1303-Pin_1)', 'Net-(J2003-Pin_1)'), ('NEUT', 'NEUT'), ('Net-(J803-Pin_1)', 'Net-(J2003-Pin_1)'), ('Net-(J1403-Pin_2)', 'Net-(J2003-Pin_2)'), ('unconnected-(U1701-LOAD-1-Pad1)', 'unconnected-(U2001-LOAD-1-Pad1)'), ('Net-(J1003-Pin_1)', 'Net-(J2003-Pin_1)'), ('unconnected-(U601-LOAD-2-Pad2)', 'unconnected-(U2001-LOAD-2-Pad2)'), ('Net-(J1103-Pin_2)', 'Net-(J2003-Pin_2)'), ('unconnected-(U1201-LOAD-1-Pad1)', 'unconnected-(U2001-LOAD-1-Pad1)'), ('_CV_0', '_CV_0'), ('CV_OUTPUT_0', 'CV_OUTPUT_0'), ('unconnected-(U801-LOAD-1-Pad1)', 'unconnected-(U2001-LOAD-1-Pad1)'), ('Net-(J1603-Pin_2)', 'Net-(J2003-Pin_2)'), ('Net-(J503-Pin_1)', 'Net-(J2003-Pin_1)'), ('GND', 'GND'), ('Net-(J603-Pin_1)', 'Net-(J2003-Pin_1)'), ('Net-(J903-Pin_2)', 'Net-(J2003-Pin_2)'), ('unconnected-(U801-LOAD-2-Pad2)', 'unconnected-(U2001-LOAD-2-Pad2)'), ('unconnected-(U1201-LOAD-2-Pad2)', 'unconnected-(U2001-LOAD-2-Pad2)'), ('Net-(J1503-Pin_1)', 'Net-(J2003-Pin_1)'), ('unconnected-(U1001-LOAD-2-Pad2)', 'unconnected-(U2001-LOAD-2-Pad2)'), ('Net-(J703-Pin_2)', 'Net-(J2003-Pin_2)'), ('/module-master1/R_to_B_0', '/module-master/R_to_B_0'), ('unconnected-(U301-LOAD-1-Pad1)', 'unconnected-(U2001-LOAD-1-Pad1)'), ('GATE_OUTPUT_0', 'GATE_OUTPUT_0'), ('unconnected-(U1501-LOAD-1-Pad1)', 'unconnected-(U2001-LOAD-1-Pad1)'), ('unconnected-(U501-LOAD-2-Pad2)', 'unconnected-(U2001-LOAD-2-Pad2)'), ('unconnected-(U1101-LOAD-2-Pad2)', 'unconnected-(U2001-LOAD-2-Pad2)'), ('Net-(J303-Pin_1)', 'Net-(J2003-Pin_1)'), ('Net-(J1203-Pin_1)', 'Net-(J2003-Pin_1)'), ('Net-(J503-Pin_2)', 'Net-(J2003-Pin_2)'), ('/module-master1/SW_to_AQ-A_IN_0', '/module-master/SW_to_AQ-A_IN_0'), ('_GND_0', '_GND_0'), ('Net-(J803-Pin_2)', 'Net-(J2003-Pin_2)'), ('Net-(J1203-Pin_2)', 'Net-(J2003-Pin_2)'), ('unconnected-(U901-LOAD-2-Pad2)', 'unconnected-(U2001-LOAD-2-Pad2)'), ('/module-master1/SHUNT_2_0', '/module-master/SHUNT_2_0'), ('unconnected-(U1301-LOAD-2-Pad2)', 'unconnected-(U2001-LOAD-2-Pad2)'), ('_CV_OUTPUT_0', '_CV_OUTPUT_0'), ('Net-(J1703-Pin_2)', 'Net-(J2003-Pin_2)'), ('unconnected-(U1401-LOAD-1-Pad1)', 'unconnected-(U2001-LOAD-1-Pad1)'), ('LINE', 'LINE'), ('_GATE_OUTPUT_0', '_GATE_OUTPUT_0'), ('unconnected-(U701-LOAD-2-Pad2)', 'unconnected-(U2001-LOAD-2-Pad2)'), ('Net-(J403-Pin_1)', 'Net-(J2003-Pin_1)'), ('SECONDARY_5VA', 'SECONDARY_5VA'), ('Net-(J703-Pin_1)', 'Net-(J2003-Pin_1)'), ('unconnected-(U1101-LOAD-1-Pad1)', 'unconnected-(U2001-LOAD-1-Pad1)'), ('Net-(J1603-Pin_1)', 'Net-(J2003-Pin_1)'), ('unconnected-(U301-LOAD-2-Pad2)', 'unconnected-(U2001-LOAD-2-Pad2)')]
11-11 16:35:12 root 337:updating GUI with: 33
11-11 16:35:12 root 332:updating GUI message: 'Replicating text'
11-11 16:35:12 com_github_MitjaNemec_ReplicateLayout.replicate_layout 1136:Replicating text
11-11 16:35:12 com_github_MitjaNemec_ReplicateLayout.replicate_layout 1143:Replicating text on sheet ['module-master']
11-11 16:35:12 root 332:updating GUI message: 'Replicating drawings'
11-11 16:35:12 com_github_MitjaNemec_ReplicateLayout.replicate_layout 1187:Replicating drawings
11-11 16:35:12 com_github_MitjaNemec_ReplicateLayout.replicate_layout 1193:Replicating drawings on sheet ['module-master']
11-11 16:35:14 com_github_MitjaNemec_ReplicateLayout.action_replicate_layout 256:Replication complete
